[ 2017-09-05T09:12:48+08:00 ] ::1 /IcarusServer/index.php/Admin/Login/NAN.html
ERR: 非法操作:NAN

[ 2017-09-05T09:18:52+08:00 ] ::1 /IcarusServer/index.php/Admin/Login/NAN.html
ERR: 非法操作:NAN

[ 2017-09-05T09:21:59+08:00 ] ::1 /IcarusServer/index.php/Admin/Login/NAN.html
ERR: 非法操作:NAN

[ 2017-09-05T09:22:21+08:00 ] ::1 /IcarusServer/index.php/Admin/Login/NAN.html
ERR: 非法操作:NAN

[ 2017-09-05T09:23:38+08:00 ] ::1 /IcarusServer/index.php/Admin/Login/Nlogin
ERR: 非法操作:Nlogin

[ 2017-09-05T09:29:37+08:00 ] ::1 /IcarusServer/index.php/Admin/Login/login.
ERR: 非法操作:login.

[ 2017-09-05T09:39:09+08:00 ] ::1 /IcarusServer/index.php/Admin/Login/login
ERR: syntax error, unexpected ';', expecting ',' or ')'

[ 2017-09-05T09:48:21+08:00 ] ::1 /IcarusServer/index.php/Admin/Login/showVerify.html/0.39612851264075766
ERR: 非法操作:showVerify.html

[ 2017-09-05T09:48:22+08:00 ] ::1 /IcarusServer/index.php/Admin/Login/showVerify.html/0.39612851264075766/0.25776031407566724
ERR: 非法操作:showVerify.html

[ 2017-09-05T09:48:22+08:00 ] ::1 /IcarusServer/index.php/Admin/Login/showVerify.html/0.39612851264075766/0.25776031407566724/0.8256044434864038
ERR: 非法操作:showVerify.html

[ 2017-09-05T09:49:01+08:00 ] ::1 /IcarusServer/index.php/Admin/Login/showVerify.html/0.39612851264075766/0.25776031407566724/0.8256044434864038/0.02767855335608882
ERR: 非法操作:showVerify.html

[ 2017-09-05T09:57:31+08:00 ] ::1 /IcarusServer/index.php/Admin/Login/login
ERR: Think\Controller:ajaxRetuen方法不存在！

[ 2017-09-05T09:57:32+08:00 ] ::1 /IcarusServer/index.php/Admin/Login/login
ERR: Think\Controller:ajaxRetuen方法不存在！

[ 2017-09-05T09:57:33+08:00 ] ::1 /IcarusServer/index.php/Admin/Login/login
ERR: Think\Controller:ajaxRetuen方法不存在！

[ 2017-09-05T09:57:41+08:00 ] ::1 /IcarusServer/index.php/Admin/Login/login
ERR: Think\Controller:ajaxRetuern方法不存在！

